<?xml version="1.0" encoding="UTF-8"?>
<!-- Generated by org.testng.reporters.JUnitXMLReporter -->
<testsuite ignored="1" hostname="LAPTOP-B2IDFSM7" failures="0" tests="1" name="tutorialsninja-com-sw-5" time="56.933" errors="0" timestamp="2023-12-12T22:31:44 GMT">
  <testcase classname="com.tutorialsninja.demo.testsuite.DesktopsTest" name="verifyProductArrangeInAlphabeticalOrder" time="16.742"/>
  <testcase classname="com.tutorialsninja.demo.testsuite.DesktopsTest" name="verifyProductAddedToShoppingCartSuccessFully" time="0.0">
    <ignored/>
  </testcase> <!-- verifyProductAddedToShoppingCartSuccessFully -->
</testsuite> <!-- tutorialsninja-com-sw-5 -->
